Determining if the pthread_create exist failed with the following output:
Change Dir: /home/nvidia/HY/ransac_rplidar/build/CMakeFiles/CMakeTmp

Run Build Command:"/usr/bin/make" "cmTC_320ef/fast"
/usr/bin/make -f CMakeFiles/cmTC_320ef.dir/build.make CMakeFiles/cmTC_320ef.dir/build
make[1]: Entering directory '/home/nvidia/HY/ransac_rplidar/build/CMakeFiles/CMakeTmp'
Building C object CMakeFiles/cmTC_320ef.dir/CheckSymbolExists.c.o
/usr/bin/cc    -o CMakeFiles/cmTC_320ef.dir/CheckSymbolExists.c.o   -c /home/nvidia/HY/ransac_rplidar/build/CMakeFiles/CMakeTmp/CheckSymbolExists.c
Linking C executable cmTC_320ef
/usr/bin/cmake -E cmake_link_script CMakeFiles/cmTC_320ef.dir/link.txt --verbose=1
/usr/bin/cc      -rdynamic CMakeFiles/cmTC_320ef.dir/CheckSymbolExists.c.o  -o cmTC_320ef 
CMakeFiles/cmTC_320ef.dir/CheckSymbolExists.c.o: In function `main':
CheckSymbolExists.c:(.text+0x14): undefined reference to `pthread_create'
CheckSymbolExists.c:(.text+0x18): undefined reference to `pthread_create'
collect2: error: ld returned 1 exit status
CMakeFiles/cmTC_320ef.dir/build.make:97: recipe for target 'cmTC_320ef' failed
make[1]: *** [cmTC_320ef] Error 1
make[1]: Leaving directory '/home/nvidia/HY/ransac_rplidar/build/CMakeFiles/CMakeTmp'
Makefile:126: recipe for target 'cmTC_320ef/fast' failed
make: *** [cmTC_320ef/fast] Error 2

File /home/nvidia/HY/ransac_rplidar/build/CMakeFiles/CMakeTmp/CheckSymbolExists.c:
/* */
#include <pthread.h>

int main(int argc, char** argv)
{
  (void)argv;
#ifndef pthread_create
  return ((int*)(&pthread_create))[argc];
#else
  (void)argc;
  return 0;
#endif
}

Determining if the function pthread_create exists in the pthreads failed with the following output:
Change Dir: /home/nvidia/HY/ransac_rplidar/build/CMakeFiles/CMakeTmp

Run Build Command:"/usr/bin/make" "cmTC_f5add/fast"
/usr/bin/make -f CMakeFiles/cmTC_f5add.dir/build.make CMakeFiles/cmTC_f5add.dir/build
make[1]: Entering directory '/home/nvidia/HY/ransac_rplidar/build/CMakeFiles/CMakeTmp'
Building C object CMakeFiles/cmTC_f5add.dir/CheckFunctionExists.c.o
/usr/bin/cc   -DCHECK_FUNCTION_EXISTS=pthread_create   -o CMakeFiles/cmTC_f5add.dir/CheckFunctionExists.c.o   -c /usr/share/cmake-3.10/Modules/CheckFunctionExists.c
Linking C executable cmTC_f5add
/usr/bin/cmake -E cmake_link_script CMakeFiles/cmTC_f5add.dir/link.txt --verbose=1
/usr/bin/cc  -DCHECK_FUNCTION_EXISTS=pthread_create    -rdynamic CMakeFiles/cmTC_f5add.dir/CheckFunctionExists.c.o  -o cmTC_f5add -lpthreads 
/usr/bin/ld: cannot find -lpthreads
collect2: error: ld returned 1 exit status
CMakeFiles/cmTC_f5add.dir/build.make:97: recipe for target 'cmTC_f5add' failed
make[1]: *** [cmTC_f5add] Error 1
make[1]: Leaving directory '/home/nvidia/HY/ransac_rplidar/build/CMakeFiles/CMakeTmp'
Makefile:126: recipe for target 'cmTC_f5add/fast' failed
make: *** [cmTC_f5add/fast] Error 2


